<?xml version="1.0" encoding="UTF-8"?>
<coverage generated="1520137887257" clover="3.2.0">
  <project timestamp="1520137887258" name="All files">
    <metrics statements="122" coveredstatements="113" conditionals="70" coveredconditionals="57" methods="47" coveredmethods="43" elements="239" coveredelements="213" complexity="0" loc="122" ncloc="122" packages="22" files="27" classes="27">
      <package name="src.app.actions">
        <metrics statements="0" coveredstatements="0" conditionals="0" coveredconditionals="0" methods="0" coveredmethods="0"/>
        <file name="index.js" path="/Users/dima/development/react-test/src/app/actions/index.js">
          <metrics statements="0" coveredstatements="0" conditionals="0" coveredconditionals="0" methods="0" coveredmethods="0"/>
        </file>
      </package>
      <package name="src.app.actions.salon-services">
        <metrics statements="1" coveredstatements="1" conditionals="0" coveredconditionals="0" methods="1" coveredmethods="1"/>
        <file name="index.js" path="/Users/dima/development/react-test/src/app/actions/salon-services/index.js">
          <metrics statements="1" coveredstatements="1" conditionals="0" coveredconditionals="0" methods="1" coveredmethods="1"/>
          <line num="4" count="6" type="stmt"/>
        </file>
      </package>
      <package name="src.app.actions.salons">
        <metrics statements="2" coveredstatements="2" conditionals="0" coveredconditionals="0" methods="2" coveredmethods="2"/>
        <file name="index.js" path="/Users/dima/development/react-test/src/app/actions/salons/index.js">
          <metrics statements="2" coveredstatements="2" conditionals="0" coveredconditionals="0" methods="2" coveredmethods="2"/>
          <line num="4" count="5" type="stmt"/>
          <line num="11" count="6" type="stmt"/>
        </file>
      </package>
      <package name="src.app.components.infinite-scroll">
        <metrics statements="14" coveredstatements="6" conditionals="10" coveredconditionals="0" methods="6" coveredmethods="3"/>
        <file name="index.jsx" path="/Users/dima/development/react-test/src/app/components/infinite-scroll/index.jsx">
          <metrics statements="14" coveredstatements="6" conditionals="10" coveredconditionals="0" methods="6" coveredmethods="3"/>
          <line num="6" count="8" type="stmt"/>
          <line num="7" count="8" type="stmt"/>
          <line num="11" count="8" type="stmt"/>
          <line num="15" count="0" type="stmt"/>
          <line num="19" count="0" type="stmt"/>
          <line num="20" count="0" type="cond" truecount="0" falsecount="3"/>
          <line num="21" count="0" type="cond" truecount="0" falsecount="3"/>
          <line num="22" count="0" type="cond" truecount="0" falsecount="2"/>
          <line num="23" count="0" type="stmt"/>
          <line num="25" count="0" type="cond" truecount="0" falsecount="2"/>
          <line num="26" count="0" type="stmt"/>
          <line num="31" count="8" type="stmt"/>
          <line num="32" count="8" type="stmt"/>
          <line num="40" count="3" type="stmt"/>
        </file>
      </package>
      <package name="src.app.components.profile-image">
        <metrics statements="3" coveredstatements="3" conditionals="0" coveredconditionals="0" methods="1" coveredmethods="1"/>
        <file name="index.jsx" path="/Users/dima/development/react-test/src/app/components/profile-image/index.jsx">
          <metrics statements="3" coveredstatements="3" conditionals="0" coveredconditionals="0" methods="1" coveredmethods="1"/>
          <line num="7" count="9" type="stmt"/>
          <line num="8" count="9" type="stmt"/>
          <line num="14" count="3" type="stmt"/>
        </file>
      </package>
      <package name="src.app.components.slider">
        <metrics statements="3" coveredstatements="3" conditionals="0" coveredconditionals="0" methods="1" coveredmethods="1"/>
        <file name="index.jsx" path="/Users/dima/development/react-test/src/app/components/slider/index.jsx">
          <metrics statements="3" coveredstatements="3" conditionals="0" coveredconditionals="0" methods="1" coveredmethods="1"/>
          <line num="4" count="3" type="stmt"/>
          <line num="5" count="5" type="stmt"/>
          <line num="16" count="5" type="stmt"/>
        </file>
      </package>
      <package name="src.app.components.spinner">
        <metrics statements="2" coveredstatements="2" conditionals="0" coveredconditionals="0" methods="1" coveredmethods="1"/>
        <file name="index.jsx" path="/Users/dima/development/react-test/src/app/components/spinner/index.jsx">
          <metrics statements="2" coveredstatements="2" conditionals="0" coveredconditionals="0" methods="1" coveredmethods="1"/>
          <line num="4" count="4" type="stmt"/>
          <line num="5" count="3" type="stmt"/>
        </file>
      </package>
      <package name="src.app.components.table">
        <metrics statements="3" coveredstatements="3" conditionals="2" coveredconditionals="2" methods="2" coveredmethods="2"/>
        <file name="Table.jsx" path="/Users/dima/development/react-test/src/app/components/table/Table.jsx">
          <metrics statements="3" coveredstatements="3" conditionals="2" coveredconditionals="2" methods="2" coveredmethods="2"/>
          <line num="4" count="5" type="stmt"/>
          <line num="5" count="15" type="stmt"/>
          <line num="9" count="42" type="stmt"/>
        </file>
        <file name="index.js" path="/Users/dima/development/react-test/src/app/components/table/index.js">
          <metrics statements="0" coveredstatements="0" conditionals="0" coveredconditionals="0" methods="0" coveredmethods="0"/>
        </file>
      </package>
      <package name="src.app.components.table.table-column">
        <metrics statements="2" coveredstatements="2" conditionals="0" coveredconditionals="0" methods="1" coveredmethods="1"/>
        <file name="index.jsx" path="/Users/dima/development/react-test/src/app/components/table/table-column/index.jsx">
          <metrics statements="2" coveredstatements="2" conditionals="0" coveredconditionals="0" methods="1" coveredmethods="1"/>
          <line num="4" count="5" type="stmt"/>
          <line num="5" count="72" type="stmt"/>
        </file>
      </package>
      <package name="src.app.components.table.table-row">
        <metrics statements="2" coveredstatements="2" conditionals="0" coveredconditionals="0" methods="1" coveredmethods="1"/>
        <file name="index.jsx" path="/Users/dima/development/react-test/src/app/components/table/table-row/index.jsx">
          <metrics statements="2" coveredstatements="2" conditionals="0" coveredconditionals="0" methods="1" coveredmethods="1"/>
          <line num="4" count="5" type="stmt"/>
          <line num="5" count="18" type="stmt"/>
        </file>
      </package>
      <package name="src.app.constants">
        <metrics statements="2" coveredstatements="2" conditionals="0" coveredconditionals="0" methods="0" coveredmethods="0"/>
        <file name="salon-services.js" path="/Users/dima/development/react-test/src/app/constants/salon-services.js">
          <metrics statements="1" coveredstatements="1" conditionals="0" coveredconditionals="0" methods="0" coveredmethods="0"/>
          <line num="3" count="6" type="stmt"/>
        </file>
        <file name="salons.js" path="/Users/dima/development/react-test/src/app/constants/salons.js">
          <metrics statements="1" coveredstatements="1" conditionals="0" coveredconditionals="0" methods="0" coveredmethods="0"/>
          <line num="3" count="6" type="stmt"/>
        </file>
      </package>
      <package name="src.app.containers.app">
        <metrics statements="1" coveredstatements="1" conditionals="0" coveredconditionals="0" methods="1" coveredmethods="1"/>
        <file name="index.js" path="/Users/dima/development/react-test/src/app/containers/app/index.js">
          <metrics statements="1" coveredstatements="1" conditionals="0" coveredconditionals="0" methods="1" coveredmethods="1"/>
          <line num="15" count="1" type="stmt"/>
        </file>
      </package>
      <package name="src.app.containers.not-found-page">
        <metrics statements="1" coveredstatements="1" conditionals="0" coveredconditionals="0" methods="1" coveredmethods="1"/>
        <file name="index.jsx" path="/Users/dima/development/react-test/src/app/containers/not-found-page/index.jsx">
          <metrics statements="1" coveredstatements="1" conditionals="0" coveredconditionals="0" methods="1" coveredmethods="1"/>
          <line num="4" count="1" type="stmt"/>
        </file>
      </package>
      <package name="src.app.containers.salon-details">
        <metrics statements="15" coveredstatements="15" conditionals="12" coveredconditionals="12" methods="8" coveredmethods="8"/>
        <file name="index.jsx" path="/Users/dima/development/react-test/src/app/containers/salon-details/index.jsx">
          <metrics statements="15" coveredstatements="15" conditionals="12" coveredconditionals="12" methods="8" coveredmethods="8"/>
          <line num="12" count="4" type="stmt"/>
          <line num="13" count="4" type="cond" truecount="2" falsecount="0"/>
          <line num="14" count="3" type="stmt"/>
          <line num="16" count="4" type="cond" truecount="2" falsecount="0"/>
          <line num="17" count="3" type="stmt"/>
          <line num="22" count="4" type="stmt"/>
          <line num="23" count="4" type="cond" truecount="4" falsecount="0"/>
          <line num="24" count="1" type="stmt"/>
          <line num="28" count="3" type="stmt"/>
          <line num="34" count="3" type="stmt"/>
          <line num="51" count="6" type="stmt"/>
          <line num="65" count="5" type="stmt"/>
          <line num="71" count="5" type="stmt"/>
          <line num="72" count="3" type="stmt"/>
          <line num="73" count="3" type="stmt"/>
        </file>
      </package>
      <package name="src.app.containers.salon-details.shedule-of-week">
        <metrics statements="7" coveredstatements="7" conditionals="2" coveredconditionals="2" methods="2" coveredmethods="2"/>
        <file name="index.jsx" path="/Users/dima/development/react-test/src/app/containers/salon-details/shedule-of-week/index.jsx">
          <metrics statements="7" coveredstatements="7" conditionals="2" coveredconditionals="2" methods="2" coveredmethods="2"/>
          <line num="9" count="4" type="stmt"/>
          <line num="10" count="4" type="stmt"/>
          <line num="15" count="28" type="stmt"/>
          <line num="16" count="28" type="cond" truecount="2" falsecount="0"/>
          <line num="17" count="16" type="stmt"/>
          <line num="21" count="12" type="stmt"/>
          <line num="31" count="3" type="stmt"/>
        </file>
        <file name="week.js" path="/Users/dima/development/react-test/src/app/containers/salon-details/shedule-of-week/week.js">
          <metrics statements="0" coveredstatements="0" conditionals="0" coveredconditionals="0" methods="0" coveredmethods="0"/>
        </file>
      </package>
      <package name="src.app.containers.salons">
        <metrics statements="16" coveredstatements="15" conditionals="18" coveredconditionals="15" methods="9" coveredmethods="8"/>
        <file name="index.jsx" path="/Users/dima/development/react-test/src/app/containers/salons/index.jsx">
          <metrics statements="16" coveredstatements="15" conditionals="18" coveredconditionals="15" methods="9" coveredmethods="8"/>
          <line num="13" count="7" type="stmt"/>
          <line num="14" count="7" type="stmt"/>
          <line num="18" count="7" type="stmt"/>
          <line num="19" count="7" type="cond" truecount="2" falsecount="0"/>
          <line num="20" count="3" type="stmt"/>
          <line num="25" count="3" type="stmt"/>
          <line num="26" count="3" type="cond" truecount="1" falsecount="1"/>
          <line num="27" count="3" type="cond" truecount="4" falsecount="1"/>
          <line num="28" count="2" type="stmt"/>
          <line num="33" count="7" type="stmt"/>
          <line num="34" count="7" type="stmt"/>
          <line num="36" count="0" type="stmt"/>
          <line num="39" count="8" type="stmt"/>
          <line num="57" count="8" type="stmt"/>
          <line num="63" count="8" type="stmt"/>
          <line num="64" count="2" type="stmt"/>
        </file>
      </package>
      <package name="src.app.epics.salon-services">
        <metrics statements="2" coveredstatements="2" conditionals="0" coveredconditionals="0" methods="2" coveredmethods="2"/>
        <file name="index.js" path="/Users/dima/development/react-test/src/app/epics/salon-services/index.js">
          <metrics statements="2" coveredstatements="2" conditionals="0" coveredconditionals="0" methods="2" coveredmethods="2"/>
          <line num="7" count="3" type="stmt"/>
          <line num="9" count="3" type="stmt"/>
        </file>
      </package>
      <package name="src.app.epics.salons">
        <metrics statements="4" coveredstatements="4" conditionals="0" coveredconditionals="0" methods="4" coveredmethods="4"/>
        <file name="index.js" path="/Users/dima/development/react-test/src/app/epics/salons/index.js">
          <metrics statements="4" coveredstatements="4" conditionals="0" coveredconditionals="0" methods="4" coveredmethods="4"/>
          <line num="8" count="10" type="stmt"/>
          <line num="11" count="3" type="stmt"/>
          <line num="31" count="10" type="stmt"/>
          <line num="34" count="7" type="stmt"/>
        </file>
      </package>
      <package name="src.app.reducers.salon-services">
        <metrics statements="8" coveredstatements="8" conditionals="5" coveredconditionals="5" methods="1" coveredmethods="1"/>
        <file name="index.js" path="/Users/dima/development/react-test/src/app/reducers/salon-services/index.js">
          <metrics statements="7" coveredstatements="7" conditionals="5" coveredconditionals="5" methods="1" coveredmethods="1"/>
          <line num="3" count="1" type="stmt"/>
          <line num="7" count="1" type="cond" truecount="1" falsecount="0"/>
          <line num="8" count="4" type="cond" truecount="4" falsecount="0"/>
          <line num="10" count="1" type="stmt"/>
          <line num="15" count="1" type="stmt"/>
          <line num="21" count="1" type="stmt"/>
          <line num="27" count="1" type="stmt"/>
        </file>
        <file name="mocks.js" path="/Users/dima/development/react-test/src/app/reducers/salon-services/mocks.js">
          <metrics statements="1" coveredstatements="1" conditionals="0" coveredconditionals="0" methods="0" coveredmethods="0"/>
          <line num="1" count="1" type="stmt"/>
        </file>
      </package>
      <package name="src.app.reducers.salons">
        <metrics statements="11" coveredstatements="11" conditionals="8" coveredconditionals="8" methods="1" coveredmethods="1"/>
        <file name="index.js" path="/Users/dima/development/react-test/src/app/reducers/salons/index.js">
          <metrics statements="10" coveredstatements="10" conditionals="8" coveredconditionals="8" methods="1" coveredmethods="1"/>
          <line num="3" count="1" type="stmt"/>
          <line num="13" count="1" type="cond" truecount="1" falsecount="0"/>
          <line num="14" count="7" type="cond" truecount="7" falsecount="0"/>
          <line num="16" count="1" type="stmt"/>
          <line num="25" count="1" type="stmt"/>
          <line num="35" count="1" type="stmt"/>
          <line num="44" count="1" type="stmt"/>
          <line num="51" count="1" type="stmt"/>
          <line num="59" count="1" type="stmt"/>
          <line num="67" count="1" type="stmt"/>
        </file>
        <file name="mock.js" path="/Users/dima/development/react-test/src/app/reducers/salons/mock.js">
          <metrics statements="1" coveredstatements="1" conditionals="0" coveredconditionals="0" methods="0" coveredmethods="0"/>
          <line num="1" count="1" type="stmt"/>
        </file>
      </package>
      <package name="src.app.utils">
        <metrics statements="17" coveredstatements="17" conditionals="13" coveredconditionals="13" methods="1" coveredmethods="1"/>
        <file name="index.js" path="/Users/dima/development/react-test/src/app/utils/index.js">
          <metrics statements="17" coveredstatements="17" conditionals="13" coveredconditionals="13" methods="1" coveredmethods="1"/>
          <line num="7" count="20" type="stmt"/>
          <line num="8" count="20" type="stmt"/>
          <line num="10" count="20" type="cond" truecount="2" falsecount="0"/>
          <line num="11" count="1" type="stmt"/>
          <line num="14" count="20" type="cond" truecount="2" falsecount="0"/>
          <line num="15" count="1" type="stmt"/>
          <line num="18" count="20" type="cond" truecount="5" falsecount="0"/>
          <line num="19" count="1" type="stmt"/>
          <line num="22" count="20" type="cond" truecount="2" falsecount="0"/>
          <line num="23" count="2" type="stmt"/>
          <line num="26" count="18" type="stmt"/>
          <line num="27" count="18" type="stmt"/>
          <line num="28" count="18" type="stmt"/>
          <line num="29" count="18" type="stmt"/>
          <line num="33" count="18" type="cond" truecount="2" falsecount="0"/>
          <line num="34" count="3" type="stmt"/>
          <line num="36" count="18" type="stmt"/>
        </file>
      </package>
      <package name="test">
        <metrics statements="6" coveredstatements="6" conditionals="0" coveredconditionals="0" methods="1" coveredmethods="1"/>
        <file name="jestsetup.js" path="/Users/dima/development/react-test/test/jestsetup.js">
          <metrics statements="6" coveredstatements="6" conditionals="0" coveredconditionals="0" methods="1" coveredmethods="1"/>
          <line num="4" count="17" type="stmt"/>
          <line num="6" count="17" type="stmt"/>
          <line num="7" count="17" type="stmt"/>
          <line num="8" count="17" type="stmt"/>
          <line num="10" count="17" type="stmt"/>
          <line num="11" count="4" type="stmt"/>
        </file>
      </package>
    </metrics>
  </project>
</coverage>
