{"/Users/dima/development/react-test/src/app/actions/index.js": {"path":"/Users/dima/development/react-test/src/app/actions/index.js","statementMap":{},"fnMap":{},"branchMap":{},"s":{},"f":{},"b":{},"_coverageSchema":"332fd63041d2c1bcb487cc26dd0d5f7d97098a6c","hash":"31ff9d7ef8d2ab6876dbc5897b20b8a3207346e2"}
,"/Users/dima/development/react-test/src/app/actions/salon-services/index.js": {"path":"/Users/dima/development/react-test/src/app/actions/salon-services/index.js","statementMap":{"0":{"start":{"line":4,"column":4},"end":{"line":7,"column":6}}},"fnMap":{"0":{"name":"salonServicesRequest","decl":{"start":{"line":3,"column":16},"end":{"line":3,"column":36}},"loc":{"start":{"line":3,"column":46},"end":{"line":8,"column":1}},"line":3}},"branchMap":{},"s":{"0":6},"f":{"0":6},"b":{},"_coverageSchema":"332fd63041d2c1bcb487cc26dd0d5f7d97098a6c","hash":"ee494baf1e447ccb605c2e91188d1b96e2b9ce12"}
,"/Users/dima/development/react-test/src/app/actions/salons/index.js": {"path":"/Users/dima/development/react-test/src/app/actions/salons/index.js","statementMap":{"0":{"start":{"line":4,"column":4},"end":{"line":7,"column":6}},"1":{"start":{"line":11,"column":4},"end":{"line":14,"column":6}}},"fnMap":{"0":{"name":"salonsRequest","decl":{"start":{"line":3,"column":16},"end":{"line":3,"column":29}},"loc":{"start":{"line":3,"column":46},"end":{"line":8,"column":1}},"line":3},"1":{"name":"salonRequest","decl":{"start":{"line":10,"column":16},"end":{"line":10,"column":28}},"loc":{"start":{"line":10,"column":38},"end":{"line":15,"column":1}},"line":10}},"branchMap":{},"s":{"0":5,"1":6},"f":{"0":5,"1":6},"b":{},"_coverageSchema":"332fd63041d2c1bcb487cc26dd0d5f7d97098a6c","hash":"fd7c2f7a72708d79b655e50317bfbab245446402"}
,"/Users/dima/development/react-test/src/app/components/infinite-scroll/index.jsx": {"path":"/Users/dima/development/react-test/src/app/components/infinite-scroll/index.jsx","statementMap":{"0":{"start":{"line":6,"column":8},"end":{"line":6,"column":21}},"1":{"start":{"line":7,"column":8},"end":{"line":7,"column":63}},"2":{"start":{"line":7,"column":41},"end":{"line":7,"column":62}},"3":{"start":{"line":11,"column":8},"end":{"line":11,"column":68}},"4":{"start":{"line":15,"column":8},"end":{"line":15,"column":71}},"5":{"start":{"line":19,"column":31},"end":{"line":19,"column":41}},"6":{"start":{"line":20,"column":26},"end":{"line":20,"column":117}},"7":{"start":{"line":21,"column":29},"end":{"line":21,"column":126}},"8":{"start":{"line":22,"column":29},"end":{"line":22,"column":88}},"9":{"start":{"line":23,"column":33},"end":{"line":23,"column":84}},"10":{"start":{"line":25,"column":8},"end":{"line":27,"column":9}},"11":{"start":{"line":26,"column":12},"end":{"line":26,"column":27}},"12":{"start":{"line":31,"column":27},"end":{"line":31,"column":37}},"13":{"start":{"line":32,"column":8},"end":{"line":36,"column":9}},"14":{"start":{"line":40,"column":0},"end":{"line":43,"column":2}}},"fnMap":{"0":{"name":"(anonymous_0)","decl":{"start":{"line":5,"column":4},"end":{"line":5,"column":5}},"loc":{"start":{"line":5,"column":23},"end":{"line":8,"column":5}},"line":5},"1":{"name":"(anonymous_1)","decl":{"start":{"line":7,"column":35},"end":{"line":7,"column":36}},"loc":{"start":{"line":7,"column":41},"end":{"line":7,"column":62}},"line":7},"2":{"name":"(anonymous_2)","decl":{"start":{"line":10,"column":4},"end":{"line":10,"column":5}},"loc":{"start":{"line":10,"column":24},"end":{"line":12,"column":5}},"line":10},"3":{"name":"(anonymous_3)","decl":{"start":{"line":14,"column":4},"end":{"line":14,"column":5}},"loc":{"start":{"line":14,"column":27},"end":{"line":16,"column":5}},"line":14},"4":{"name":"(anonymous_4)","decl":{"start":{"line":18,"column":4},"end":{"line":18,"column":5}},"loc":{"start":{"line":18,"column":21},"end":{"line":28,"column":5}},"line":18},"5":{"name":"(anonymous_5)","decl":{"start":{"line":30,"column":4},"end":{"line":30,"column":5}},"loc":{"start":{"line":30,"column":13},"end":{"line":37,"column":5}},"line":30}},"branchMap":{"0":{"loc":{"start":{"line":20,"column":26},"end":{"line":20,"column":117}},"type":"binary-expr","locations":[{"start":{"line":20,"column":27},"end":{"line":20,"column":51}},{"start":{"line":20,"column":55},"end":{"line":20,"column":89}},{"start":{"line":20,"column":94},"end":{"line":20,"column":117}}],"line":20},"1":{"loc":{"start":{"line":21,"column":29},"end":{"line":21,"column":126}},"type":"binary-expr","locations":[{"start":{"line":21,"column":30},"end":{"line":21,"column":54}},{"start":{"line":21,"column":58},"end":{"line":21,"column":95}},{"start":{"line":21,"column":100},"end":{"line":21,"column":126}}],"line":21},"2":{"loc":{"start":{"line":22,"column":29},"end":{"line":22,"column":88}},"type":"binary-expr","locations":[{"start":{"line":22,"column":29},"end":{"line":22,"column":66}},{"start":{"line":22,"column":70},"end":{"line":22,"column":88}}],"line":22},"3":{"loc":{"start":{"line":25,"column":8},"end":{"line":27,"column":9}},"type":"if","locations":[{"start":{"line":25,"column":8},"end":{"line":27,"column":9}},{"start":{"line":25,"column":8},"end":{"line":27,"column":9}}],"line":25}},"s":{"0":8,"1":8,"2":0,"3":8,"4":0,"5":0,"6":0,"7":0,"8":0,"9":0,"10":0,"11":0,"12":8,"13":8,"14":3},"f":{"0":8,"1":0,"2":8,"3":0,"4":0,"5":8},"b":{"0":[0,0,0],"1":[0,0,0],"2":[0,0],"3":[0,0]},"_coverageSchema":"332fd63041d2c1bcb487cc26dd0d5f7d97098a6c","hash":"3c5605be92d656c33a8cb7398b3b41d368ba1ca5"}
,"/Users/dima/development/react-test/src/app/components/profile-image/index.jsx": {"path":"/Users/dima/development/react-test/src/app/components/profile-image/index.jsx","statementMap":{"0":{"start":{"line":7,"column":24},"end":{"line":7,"column":34}},"1":{"start":{"line":8,"column":8},"end":{"line":10,"column":9}},"2":{"start":{"line":14,"column":0},"end":{"line":16,"column":2}}},"fnMap":{"0":{"name":"(anonymous_0)","decl":{"start":{"line":6,"column":4},"end":{"line":6,"column":5}},"loc":{"start":{"line":6,"column":13},"end":{"line":11,"column":5}},"line":6}},"branchMap":{},"s":{"0":9,"1":9,"2":3},"f":{"0":9},"b":{},"_coverageSchema":"332fd63041d2c1bcb487cc26dd0d5f7d97098a6c","hash":"21d378eb62fa1055fda9f0855deb3c9af4a1afd2"}
,"/Users/dima/development/react-test/src/app/components/slider/index.jsx": {"path":"/Users/dima/development/react-test/src/app/components/slider/index.jsx","statementMap":{"0":{"start":{"line":4,"column":29},"end":{"line":21,"column":1}},"1":{"start":{"line":5,"column":21},"end":{"line":14,"column":5}},"2":{"start":{"line":16,"column":4},"end":{"line":20,"column":6}}},"fnMap":{"0":{"name":"(anonymous_0)","decl":{"start":{"line":4,"column":29},"end":{"line":4,"column":30}},"loc":{"start":{"line":4,"column":45},"end":{"line":21,"column":1}},"line":4}},"branchMap":{},"s":{"0":3,"1":5,"2":5},"f":{"0":5},"b":{},"_coverageSchema":"332fd63041d2c1bcb487cc26dd0d5f7d97098a6c","hash":"de0ffc1e99f4123ab9fdec647f45a71da8b63973"}
,"/Users/dima/development/react-test/src/app/components/spinner/index.jsx": {"path":"/Users/dima/development/react-test/src/app/components/spinner/index.jsx","statementMap":{"0":{"start":{"line":4,"column":23},"end":{"line":6,"column":1}},"1":{"start":{"line":5,"column":4},"end":{"line":5,"column":35}}},"fnMap":{"0":{"name":"(anonymous_0)","decl":{"start":{"line":4,"column":23},"end":{"line":4,"column":24}},"loc":{"start":{"line":5,"column":4},"end":{"line":5,"column":35}},"line":5}},"branchMap":{},"s":{"0":4,"1":3},"f":{"0":3},"b":{},"_coverageSchema":"332fd63041d2c1bcb487cc26dd0d5f7d97098a6c","hash":"046b1257f46824a50eb42fa8b0b9417c4a1b1a8a"}
,"/Users/dima/development/react-test/src/app/components/table/Table.jsx": {"path":"/Users/dima/development/react-test/src/app/components/table/Table.jsx","statementMap":{"0":{"start":{"line":4,"column":21},"end":{"line":15,"column":1}},"1":{"start":{"line":5,"column":4},"end":{"line":14,"column":12}},"2":{"start":{"line":9,"column":20},"end":{"line":9,"column":65}}},"fnMap":{"0":{"name":"(anonymous_0)","decl":{"start":{"line":4,"column":21},"end":{"line":4,"column":22}},"loc":{"start":{"line":5,"column":4},"end":{"line":14,"column":12}},"line":5},"1":{"name":"(anonymous_1)","decl":{"start":{"line":8,"column":40},"end":{"line":8,"column":41}},"loc":{"start":{"line":9,"column":20},"end":{"line":9,"column":65}},"line":9}},"branchMap":{"0":{"loc":{"start":{"line":8,"column":17},"end":{"line":10,"column":18}},"type":"binary-expr","locations":[{"start":{"line":8,"column":17},"end":{"line":8,"column":24}},{"start":{"line":8,"column":28},"end":{"line":10,"column":18}}],"line":8}},"s":{"0":5,"1":15,"2":42},"f":{"0":15,"1":42},"b":{"0":[15,10]},"_coverageSchema":"332fd63041d2c1bcb487cc26dd0d5f7d97098a6c","hash":"a285a04cddec28bb1152e20b9f6c14cbc223e1bc"}
,"/Users/dima/development/react-test/src/app/components/table/index.js": {"path":"/Users/dima/development/react-test/src/app/components/table/index.js","statementMap":{},"fnMap":{},"branchMap":{},"s":{},"f":{},"b":{},"_coverageSchema":"332fd63041d2c1bcb487cc26dd0d5f7d97098a6c","hash":"803e0628375d5385e664406d4a5a22cce84a0d15"}
,"/Users/dima/development/react-test/src/app/components/table/table-column/index.jsx": {"path":"/Users/dima/development/react-test/src/app/components/table/table-column/index.jsx","statementMap":{"0":{"start":{"line":4,"column":27},"end":{"line":8,"column":1}},"1":{"start":{"line":5,"column":4},"end":{"line":7,"column":9}}},"fnMap":{"0":{"name":"(anonymous_0)","decl":{"start":{"line":4,"column":27},"end":{"line":4,"column":28}},"loc":{"start":{"line":5,"column":4},"end":{"line":7,"column":9}},"line":5}},"branchMap":{},"s":{"0":5,"1":72},"f":{"0":72},"b":{},"_coverageSchema":"332fd63041d2c1bcb487cc26dd0d5f7d97098a6c","hash":"ab5e4ead967624f49571900151065c994651c013"}
,"/Users/dima/development/react-test/src/app/components/table/table-row/index.jsx": {"path":"/Users/dima/development/react-test/src/app/components/table/table-row/index.jsx","statementMap":{"0":{"start":{"line":4,"column":24},"end":{"line":8,"column":1}},"1":{"start":{"line":5,"column":4},"end":{"line":7,"column":9}}},"fnMap":{"0":{"name":"(anonymous_0)","decl":{"start":{"line":4,"column":24},"end":{"line":4,"column":25}},"loc":{"start":{"line":5,"column":4},"end":{"line":7,"column":9}},"line":5}},"branchMap":{},"s":{"0":5,"1":18},"f":{"0":18},"b":{},"_coverageSchema":"332fd63041d2c1bcb487cc26dd0d5f7d97098a6c","hash":"e21a183043e17772413d4e81c6fbb47d877b3d95"}
,"/Users/dima/development/react-test/src/app/constants/salon-services.js": {"path":"/Users/dima/development/react-test/src/app/constants/salon-services.js","statementMap":{"0":{"start":{"line":3,"column":29},"end":{"line":8,"column":2}}},"fnMap":{},"branchMap":{},"s":{"0":6},"f":{},"b":{},"_coverageSchema":"332fd63041d2c1bcb487cc26dd0d5f7d97098a6c","hash":"52a2b58dba44d19229664438cf333e1daea04b83"}
,"/Users/dima/development/react-test/src/app/constants/salons.js": {"path":"/Users/dima/development/react-test/src/app/constants/salons.js","statementMap":{"0":{"start":{"line":3,"column":22},"end":{"line":12,"column":2}}},"fnMap":{},"branchMap":{},"s":{"0":6},"f":{},"b":{},"_coverageSchema":"332fd63041d2c1bcb487cc26dd0d5f7d97098a6c","hash":"5083037056478d0c65618f8f5762f015e19044cd"}
,"/Users/dima/development/react-test/src/app/containers/app/index.js": {"path":"/Users/dima/development/react-test/src/app/containers/app/index.js","statementMap":{"0":{"start":{"line":15,"column":8},"end":{"line":27,"column":10}}},"fnMap":{"0":{"name":"(anonymous_0)","decl":{"start":{"line":14,"column":4},"end":{"line":14,"column":5}},"loc":{"start":{"line":14,"column":13},"end":{"line":28,"column":5}},"line":14}},"branchMap":{},"s":{"0":1},"f":{"0":1},"b":{},"_coverageSchema":"332fd63041d2c1bcb487cc26dd0d5f7d97098a6c","hash":"0be2191649c3657f64a3d2456683859addaa8d7e"}
,"/Users/dima/development/react-test/src/app/containers/not-found-page/index.jsx": {"path":"/Users/dima/development/react-test/src/app/containers/not-found-page/index.jsx","statementMap":{"0":{"start":{"line":4,"column":4},"end":{"line":4,"column":37}}},"fnMap":{"0":{"name":"(anonymous_0)","decl":{"start":{"line":3,"column":15},"end":{"line":3,"column":16}},"loc":{"start":{"line":4,"column":4},"end":{"line":4,"column":37}},"line":4}},"branchMap":{},"s":{"0":1},"f":{"0":1},"b":{},"_coverageSchema":"332fd63041d2c1bcb487cc26dd0d5f7d97098a6c","hash":"e44faa7d566b421456069f4d8573d49c81ad10ad"}
,"/Users/dima/development/react-test/src/app/containers/salon-details/index.jsx": {"path":"/Users/dima/development/react-test/src/app/containers/salon-details/index.jsx","statementMap":{"0":{"start":{"line":12,"column":77},"end":{"line":12,"column":87}},"1":{"start":{"line":13,"column":8},"end":{"line":15,"column":9}},"2":{"start":{"line":14,"column":12},"end":{"line":14,"column":32}},"3":{"start":{"line":16,"column":8},"end":{"line":18,"column":9}},"4":{"start":{"line":17,"column":12},"end":{"line":17,"column":40}},"5":{"start":{"line":22,"column":50},"end":{"line":22,"column":60}},"6":{"start":{"line":23,"column":8},"end":{"line":27,"column":9}},"7":{"start":{"line":24,"column":12},"end":{"line":26,"column":14}},"8":{"start":{"line":28,"column":8},"end":{"line":61,"column":10}},"9":{"start":{"line":34,"column":28},"end":{"line":34,"column":95}},"10":{"start":{"line":51,"column":32},"end":{"line":55,"column":43}},"11":{"start":{"line":65,"column":24},"end":{"line":70,"column":2}},"12":{"start":{"line":65,"column":34},"end":{"line":70,"column":1}},"13":{"start":{"line":71,"column":27},"end":{"line":74,"column":2}},"14":{"start":{"line":71,"column":40},"end":{"line":74,"column":1}},"15":{"start":{"line":72,"column":29},"end":{"line":72,"column":60}},"16":{"start":{"line":73,"column":37},"end":{"line":73,"column":76}}},"fnMap":{"0":{"name":"(anonymous_0)","decl":{"start":{"line":11,"column":4},"end":{"line":11,"column":5}},"loc":{"start":{"line":11,"column":24},"end":{"line":19,"column":5}},"line":11},"1":{"name":"(anonymous_1)","decl":{"start":{"line":21,"column":4},"end":{"line":21,"column":5}},"loc":{"start":{"line":21,"column":13},"end":{"line":62,"column":5}},"line":21},"2":{"name":"(anonymous_2)","decl":{"start":{"line":33,"column":59},"end":{"line":33,"column":60}},"loc":{"start":{"line":34,"column":28},"end":{"line":34,"column":95}},"line":34},"3":{"name":"(anonymous_3)","decl":{"start":{"line":50,"column":55},"end":{"line":50,"column":56}},"loc":{"start":{"line":51,"column":32},"end":{"line":55,"column":43}},"line":51},"4":{"name":"(anonymous_4)","decl":{"start":{"line":65,"column":24},"end":{"line":65,"column":25}},"loc":{"start":{"line":65,"column":34},"end":{"line":70,"column":1}},"line":65},"5":{"name":"(anonymous_5)","decl":{"start":{"line":71,"column":27},"end":{"line":71,"column":28}},"loc":{"start":{"line":71,"column":40},"end":{"line":74,"column":1}},"line":71},"6":{"name":"(anonymous_6)","decl":{"start":{"line":72,"column":16},"end":{"line":72,"column":17}},"loc":{"start":{"line":72,"column":29},"end":{"line":72,"column":60}},"line":72},"7":{"name":"(anonymous_7)","decl":{"start":{"line":73,"column":24},"end":{"line":73,"column":25}},"loc":{"start":{"line":73,"column":37},"end":{"line":73,"column":76}},"line":73}},"branchMap":{"0":{"loc":{"start":{"line":13,"column":8},"end":{"line":15,"column":9}},"type":"if","locations":[{"start":{"line":13,"column":8},"end":{"line":15,"column":9}},{"start":{"line":13,"column":8},"end":{"line":15,"column":9}}],"line":13},"1":{"loc":{"start":{"line":16,"column":8},"end":{"line":18,"column":9}},"type":"if","locations":[{"start":{"line":16,"column":8},"end":{"line":18,"column":9}},{"start":{"line":16,"column":8},"end":{"line":18,"column":9}}],"line":16},"2":{"loc":{"start":{"line":23,"column":8},"end":{"line":27,"column":9}},"type":"if","locations":[{"start":{"line":23,"column":8},"end":{"line":27,"column":9}},{"start":{"line":23,"column":8},"end":{"line":27,"column":9}}],"line":23},"3":{"loc":{"start":{"line":23,"column":12},"end":{"line":23,"column":36}},"type":"binary-expr","locations":[{"start":{"line":23,"column":12},"end":{"line":23,"column":26}},{"start":{"line":23,"column":30},"end":{"line":23,"column":36}}],"line":23},"4":{"loc":{"start":{"line":33,"column":24},"end":{"line":35,"column":26}},"type":"binary-expr","locations":[{"start":{"line":33,"column":24},"end":{"line":33,"column":38}},{"start":{"line":33,"column":42},"end":{"line":35,"column":26}}],"line":33},"5":{"loc":{"start":{"line":50,"column":28},"end":{"line":56,"column":30}},"type":"binary-expr","locations":[{"start":{"line":50,"column":28},"end":{"line":50,"column":38}},{"start":{"line":50,"column":42},"end":{"line":56,"column":30}}],"line":50}},"s":{"0":4,"1":4,"2":3,"3":4,"4":3,"5":4,"6":4,"7":1,"8":3,"9":3,"10":6,"11":2,"12":5,"13":2,"14":5,"15":3,"16":3},"f":{"0":4,"1":4,"2":3,"3":6,"4":5,"5":5,"6":3,"7":3},"b":{"0":[3,1],"1":[3,1],"2":[1,3],"3":[4,4],"4":[3,3],"5":[3,3]},"_coverageSchema":"332fd63041d2c1bcb487cc26dd0d5f7d97098a6c","hash":"a5f992b0af87456f07d05450d646fa76895bbd23"}
,"/Users/dima/development/react-test/src/app/containers/salon-details/shedule-of-week/index.jsx": {"path":"/Users/dima/development/react-test/src/app/containers/salon-details/shedule-of-week/index.jsx","statementMap":{"0":{"start":{"line":9,"column":28},"end":{"line":9,"column":38}},"1":{"start":{"line":10,"column":8},"end":{"line":27,"column":22}},"2":{"start":{"line":15,"column":45},"end":{"line":15,"column":57}},"3":{"start":{"line":16,"column":28},"end":{"line":20,"column":29}},"4":{"start":{"line":17,"column":32},"end":{"line":19,"column":33}},"5":{"start":{"line":21,"column":28},"end":{"line":23,"column":29}},"6":{"start":{"line":31,"column":0},"end":{"line":33,"column":2}}},"fnMap":{"0":{"name":"(anonymous_0)","decl":{"start":{"line":8,"column":4},"end":{"line":8,"column":5}},"loc":{"start":{"line":8,"column":13},"end":{"line":28,"column":5}},"line":8},"1":{"name":"(anonymous_1)","decl":{"start":{"line":14,"column":33},"end":{"line":14,"column":34}},"loc":{"start":{"line":14,"column":38},"end":{"line":24,"column":25}},"line":14}},"branchMap":{"0":{"loc":{"start":{"line":16,"column":28},"end":{"line":20,"column":29}},"type":"if","locations":[{"start":{"line":16,"column":28},"end":{"line":20,"column":29}},{"start":{"line":16,"column":28},"end":{"line":20,"column":29}}],"line":16}},"s":{"0":4,"1":4,"2":28,"3":28,"4":16,"5":12,"6":3},"f":{"0":4,"1":28},"b":{"0":[16,12]},"_coverageSchema":"332fd63041d2c1bcb487cc26dd0d5f7d97098a6c","hash":"710bbcf3338b7926d1f735cf7c0e485158062c71"}
,"/Users/dima/development/react-test/src/app/containers/salon-details/shedule-of-week/week.js": {"path":"/Users/dima/development/react-test/src/app/containers/salon-details/shedule-of-week/week.js","statementMap":{},"fnMap":{},"branchMap":{},"s":{},"f":{},"b":{},"_coverageSchema":"332fd63041d2c1bcb487cc26dd0d5f7d97098a6c","hash":"ccdf47739356a97281f29aa0e310e0569781da1b"}
,"/Users/dima/development/react-test/src/app/containers/salons/index.jsx": {"path":"/Users/dima/development/react-test/src/app/containers/salons/index.jsx","statementMap":{"0":{"start":{"line":13,"column":8},"end":{"line":13,"column":21}},"1":{"start":{"line":14,"column":8},"end":{"line":14,"column":27}},"2":{"start":{"line":18,"column":34},"end":{"line":18,"column":44}},"3":{"start":{"line":19,"column":8},"end":{"line":21,"column":9}},"4":{"start":{"line":20,"column":12},"end":{"line":20,"column":32}},"5":{"start":{"line":25,"column":54},"end":{"line":25,"column":64}},"6":{"start":{"line":26,"column":25},"end":{"line":26,"column":66}},"7":{"start":{"line":27,"column":8},"end":{"line":29,"column":9}},"8":{"start":{"line":28,"column":12},"end":{"line":28,"column":49}},"9":{"start":{"line":33,"column":36},"end":{"line":33,"column":46}},"10":{"start":{"line":34,"column":8},"end":{"line":53,"column":10}},"11":{"start":{"line":36,"column":52},"end":{"line":36,"column":71}},"12":{"start":{"line":39,"column":28},"end":{"line":47,"column":39}},"13":{"start":{"line":57,"column":24},"end":{"line":62,"column":2}},"14":{"start":{"line":57,"column":34},"end":{"line":62,"column":1}},"15":{"start":{"line":63,"column":27},"end":{"line":65,"column":2}},"16":{"start":{"line":63,"column":40},"end":{"line":65,"column":1}},"17":{"start":{"line":64,"column":37},"end":{"line":64,"column":76}}},"fnMap":{"0":{"name":"(anonymous_0)","decl":{"start":{"line":12,"column":4},"end":{"line":12,"column":5}},"loc":{"start":{"line":12,"column":23},"end":{"line":15,"column":5}},"line":12},"1":{"name":"(anonymous_1)","decl":{"start":{"line":17,"column":4},"end":{"line":17,"column":5}},"loc":{"start":{"line":17,"column":24},"end":{"line":22,"column":5}},"line":17},"2":{"name":"(anonymous_2)","decl":{"start":{"line":24,"column":4},"end":{"line":24,"column":5}},"loc":{"start":{"line":24,"column":19},"end":{"line":30,"column":5}},"line":24},"3":{"name":"(anonymous_3)","decl":{"start":{"line":32,"column":4},"end":{"line":32,"column":5}},"loc":{"start":{"line":32,"column":13},"end":{"line":54,"column":5}},"line":32},"4":{"name":"(anonymous_4)","decl":{"start":{"line":36,"column":46},"end":{"line":36,"column":47}},"loc":{"start":{"line":36,"column":52},"end":{"line":36,"column":71}},"line":36},"5":{"name":"(anonymous_5)","decl":{"start":{"line":38,"column":69},"end":{"line":38,"column":70}},"loc":{"start":{"line":39,"column":28},"end":{"line":47,"column":39}},"line":39},"6":{"name":"(anonymous_6)","decl":{"start":{"line":57,"column":24},"end":{"line":57,"column":25}},"loc":{"start":{"line":57,"column":34},"end":{"line":62,"column":1}},"line":57},"7":{"name":"(anonymous_7)","decl":{"start":{"line":63,"column":27},"end":{"line":63,"column":28}},"loc":{"start":{"line":63,"column":40},"end":{"line":65,"column":1}},"line":63},"8":{"name":"(anonymous_8)","decl":{"start":{"line":64,"column":17},"end":{"line":64,"column":18}},"loc":{"start":{"line":64,"column":37},"end":{"line":64,"column":76}},"line":64}},"branchMap":{"0":{"loc":{"start":{"line":19,"column":8},"end":{"line":21,"column":9}},"type":"if","locations":[{"start":{"line":19,"column":8},"end":{"line":21,"column":9}},{"start":{"line":19,"column":8},"end":{"line":21,"column":9}}],"line":19},"1":{"loc":{"start":{"line":26,"column":25},"end":{"line":26,"column":66}},"type":"cond-expr","locations":[{"start":{"line":26,"column":43},"end":{"line":26,"column":62}},{"start":{"line":26,"column":65},"end":{"line":26,"column":66}}],"line":26},"2":{"loc":{"start":{"line":27,"column":8},"end":{"line":29,"column":9}},"type":"if","locations":[{"start":{"line":27,"column":8},"end":{"line":29,"column":9}},{"start":{"line":27,"column":8},"end":{"line":29,"column":9}}],"line":27},"3":{"loc":{"start":{"line":27,"column":12},"end":{"line":27,"column":78}},"type":"binary-expr","locations":[{"start":{"line":27,"column":13},"end":{"line":27,"column":19}},{"start":{"line":27,"column":23},"end":{"line":27,"column":40}},{"start":{"line":27,"column":45},"end":{"line":27,"column":78}}],"line":27},"4":{"loc":{"start":{"line":38,"column":25},"end":{"line":48,"column":26}},"type":"binary-expr","locations":[{"start":{"line":38,"column":25},"end":{"line":38,"column":31}},{"start":{"line":38,"column":35},"end":{"line":38,"column":54}},{"start":{"line":38,"column":58},"end":{"line":48,"column":26}}],"line":38},"5":{"loc":{"start":{"line":41,"column":46},"end":{"line":41,"column":89}},"type":"binary-expr","locations":[{"start":{"line":41,"column":46},"end":{"line":41,"column":57}},{"start":{"line":41,"column":61},"end":{"line":41,"column":89}}],"line":41},"6":{"loc":{"start":{"line":43,"column":36},"end":{"line":44,"column":86}},"type":"binary-expr","locations":[{"start":{"line":43,"column":36},"end":{"line":43,"column":58}},{"start":{"line":44,"column":36},"end":{"line":44,"column":86}}],"line":43},"7":{"loc":{"start":{"line":51,"column":17},"end":{"line":51,"column":40}},"type":"binary-expr","locations":[{"start":{"line":51,"column":17},"end":{"line":51,"column":26}},{"start":{"line":51,"column":30},"end":{"line":51,"column":40}}],"line":51}},"s":{"0":7,"1":7,"2":7,"3":7,"4":3,"5":3,"6":3,"7":3,"8":2,"9":7,"10":7,"11":0,"12":8,"13":2,"14":8,"15":2,"16":8,"17":2},"f":{"0":7,"1":7,"2":3,"3":7,"4":0,"5":8,"6":8,"7":8,"8":2},"b":{"0":[3,4],"1":[0,3],"2":[2,1],"3":[3,0,3],"4":[7,4,4],"5":[8,0],"6":[8,8],"7":[7,2]},"_coverageSchema":"332fd63041d2c1bcb487cc26dd0d5f7d97098a6c","hash":"7a8714b585463b3eef3fa9bbdad6034636e1e239"}
,"/Users/dima/development/react-test/src/app/epics/salon-services/index.js": {"path":"/Users/dima/development/react-test/src/app/epics/salon-services/index.js","statementMap":{"0":{"start":{"line":7,"column":4},"end":{"line":25,"column":6}},"1":{"start":{"line":9,"column":29},"end":{"line":9,"column":101}}},"fnMap":{"0":{"name":"salonServicesRequest","decl":{"start":{"line":6,"column":16},"end":{"line":6,"column":36}},"loc":{"start":{"line":6,"column":46},"end":{"line":26,"column":1}},"line":6},"1":{"name":"(anonymous_1)","decl":{"start":{"line":8,"column":18},"end":{"line":8,"column":19}},"loc":{"start":{"line":8,"column":30},"end":{"line":24,"column":9}},"line":8}},"branchMap":{},"s":{"0":3,"1":3},"f":{"0":3,"1":3},"b":{},"_coverageSchema":"332fd63041d2c1bcb487cc26dd0d5f7d97098a6c","hash":"c849182b50fd68a3d0fddef9a2ada3ae3ffefb54"}
,"/Users/dima/development/react-test/src/app/epics/salons/index.js": {"path":"/Users/dima/development/react-test/src/app/epics/salons/index.js","statementMap":{"0":{"start":{"line":8,"column":4},"end":{"line":27,"column":6}},"1":{"start":{"line":11,"column":29},"end":{"line":11,"column":130}},"2":{"start":{"line":31,"column":4},"end":{"line":50,"column":6}},"3":{"start":{"line":34,"column":29},"end":{"line":34,"column":93}}},"fnMap":{"0":{"name":"salonsRequest","decl":{"start":{"line":7,"column":16},"end":{"line":7,"column":29}},"loc":{"start":{"line":7,"column":39},"end":{"line":28,"column":1}},"line":7},"1":{"name":"(anonymous_1)","decl":{"start":{"line":10,"column":18},"end":{"line":10,"column":19}},"loc":{"start":{"line":10,"column":30},"end":{"line":26,"column":9}},"line":10},"2":{"name":"salonRequest","decl":{"start":{"line":30,"column":16},"end":{"line":30,"column":28}},"loc":{"start":{"line":30,"column":38},"end":{"line":51,"column":1}},"line":30},"3":{"name":"(anonymous_3)","decl":{"start":{"line":33,"column":18},"end":{"line":33,"column":19}},"loc":{"start":{"line":33,"column":30},"end":{"line":49,"column":9}},"line":33}},"branchMap":{},"s":{"0":10,"1":3,"2":10,"3":7},"f":{"0":10,"1":3,"2":10,"3":7},"b":{},"_coverageSchema":"332fd63041d2c1bcb487cc26dd0d5f7d97098a6c","hash":"7d2124ce383cd5365f7c1b17ce548a2d1b425151"}
,"/Users/dima/development/react-test/src/app/reducers/salon-services/index.js": {"path":"/Users/dima/development/react-test/src/app/reducers/salon-services/index.js","statementMap":{"0":{"start":{"line":3,"column":28},"end":{"line":5,"column":1}},"1":{"start":{"line":7,"column":23},"end":{"line":29,"column":1}},"2":{"start":{"line":8,"column":4},"end":{"line":28,"column":5}},"3":{"start":{"line":10,"column":12},"end":{"line":13,"column":14}},"4":{"start":{"line":15,"column":12},"end":{"line":19,"column":14}},"5":{"start":{"line":21,"column":12},"end":{"line":25,"column":14}},"6":{"start":{"line":27,"column":12},"end":{"line":27,"column":25}}},"fnMap":{"0":{"name":"(anonymous_0)","decl":{"start":{"line":7,"column":23},"end":{"line":7,"column":24}},"loc":{"start":{"line":7,"column":57},"end":{"line":29,"column":1}},"line":7}},"branchMap":{"0":{"loc":{"start":{"line":7,"column":24},"end":{"line":7,"column":44}},"type":"default-arg","locations":[{"start":{"line":7,"column":32},"end":{"line":7,"column":44}}],"line":7},"1":{"loc":{"start":{"line":8,"column":4},"end":{"line":28,"column":5}},"type":"switch","locations":[{"start":{"line":9,"column":8},"end":{"line":13,"column":14}},{"start":{"line":14,"column":8},"end":{"line":19,"column":14}},{"start":{"line":20,"column":8},"end":{"line":25,"column":14}},{"start":{"line":26,"column":8},"end":{"line":27,"column":25}}],"line":8}},"s":{"0":1,"1":1,"2":4,"3":1,"4":1,"5":1,"6":1},"f":{"0":4},"b":{"0":[4],"1":[1,1,1,1]},"_coverageSchema":"332fd63041d2c1bcb487cc26dd0d5f7d97098a6c","hash":"ea0266b5c1cb60dfe415bd6f79518e3361c5f241"}
,"/Users/dima/development/react-test/src/app/reducers/salon-services/mocks.js": {"path":"/Users/dima/development/react-test/src/app/reducers/salon-services/mocks.js","statementMap":{"0":{"start":{"line":1,"column":0},"end":{"line":9,"column":2}}},"fnMap":{},"branchMap":{},"s":{"0":1},"f":{},"b":{},"_coverageSchema":"332fd63041d2c1bcb487cc26dd0d5f7d97098a6c","hash":"0f60a2259249b9b32c11055387b326420c527d9b"}
,"/Users/dima/development/react-test/src/app/reducers/salons/index.js": {"path":"/Users/dima/development/react-test/src/app/reducers/salons/index.js","statementMap":{"0":{"start":{"line":3,"column":28},"end":{"line":11,"column":1}},"1":{"start":{"line":13,"column":23},"end":{"line":69,"column":1}},"2":{"start":{"line":14,"column":4},"end":{"line":68,"column":5}},"3":{"start":{"line":16,"column":12},"end":{"line":23,"column":14}},"4":{"start":{"line":25,"column":12},"end":{"line":33,"column":14}},"5":{"start":{"line":35,"column":12},"end":{"line":42,"column":14}},"6":{"start":{"line":44,"column":12},"end":{"line":49,"column":14}},"7":{"start":{"line":51,"column":12},"end":{"line":57,"column":14}},"8":{"start":{"line":59,"column":12},"end":{"line":65,"column":14}},"9":{"start":{"line":67,"column":12},"end":{"line":67,"column":25}}},"fnMap":{"0":{"name":"(anonymous_0)","decl":{"start":{"line":13,"column":23},"end":{"line":13,"column":24}},"loc":{"start":{"line":13,"column":57},"end":{"line":69,"column":1}},"line":13}},"branchMap":{"0":{"loc":{"start":{"line":13,"column":24},"end":{"line":13,"column":44}},"type":"default-arg","locations":[{"start":{"line":13,"column":32},"end":{"line":13,"column":44}}],"line":13},"1":{"loc":{"start":{"line":14,"column":4},"end":{"line":68,"column":5}},"type":"switch","locations":[{"start":{"line":15,"column":8},"end":{"line":23,"column":14}},{"start":{"line":24,"column":8},"end":{"line":33,"column":14}},{"start":{"line":34,"column":8},"end":{"line":42,"column":14}},{"start":{"line":43,"column":8},"end":{"line":49,"column":14}},{"start":{"line":50,"column":8},"end":{"line":57,"column":14}},{"start":{"line":58,"column":8},"end":{"line":65,"column":14}},{"start":{"line":66,"column":8},"end":{"line":67,"column":25}}],"line":14}},"s":{"0":1,"1":1,"2":7,"3":1,"4":1,"5":1,"6":1,"7":1,"8":1,"9":1},"f":{"0":7},"b":{"0":[7],"1":[1,1,1,1,1,1,1]},"_coverageSchema":"332fd63041d2c1bcb487cc26dd0d5f7d97098a6c","hash":"d6c31c032b439f9f83f734737a17a92beeddf8c4"}
,"/Users/dima/development/react-test/src/app/reducers/salons/mock.js": {"path":"/Users/dima/development/react-test/src/app/reducers/salons/mock.js","statementMap":{"0":{"start":{"line":1,"column":0},"end":{"line":13,"column":2}}},"fnMap":{},"branchMap":{},"s":{"0":1},"f":{},"b":{},"_coverageSchema":"332fd63041d2c1bcb487cc26dd0d5f7d97098a6c","hash":"449e1efdb7a09495803102d17f3a3224cacdb82f"}
,"/Users/dima/development/react-test/src/app/utils/index.js": {"path":"/Users/dima/development/react-test/src/app/utils/index.js","statementMap":{"0":{"start":{"line":7,"column":19},"end":{"line":7,"column":21}},"1":{"start":{"line":8,"column":21},"end":{"line":8,"column":23}},"2":{"start":{"line":10,"column":4},"end":{"line":12,"column":5}},"3":{"start":{"line":11,"column":8},"end":{"line":11,"column":30}},"4":{"start":{"line":14,"column":4},"end":{"line":16,"column":5}},"5":{"start":{"line":15,"column":8},"end":{"line":15,"column":32}},"6":{"start":{"line":18,"column":4},"end":{"line":20,"column":5}},"7":{"start":{"line":19,"column":8},"end":{"line":19,"column":31}},"8":{"start":{"line":22,"column":4},"end":{"line":24,"column":5}},"9":{"start":{"line":23,"column":8},"end":{"line":23,"column":75}},"10":{"start":{"line":26,"column":4},"end":{"line":26,"column":35}},"11":{"start":{"line":27,"column":4},"end":{"line":27,"column":36}},"12":{"start":{"line":28,"column":4},"end":{"line":28,"column":32}},"13":{"start":{"line":29,"column":4},"end":{"line":31,"column":6}},"14":{"start":{"line":33,"column":4},"end":{"line":35,"column":5}},"15":{"start":{"line":34,"column":8},"end":{"line":34,"column":39}},"16":{"start":{"line":36,"column":4},"end":{"line":36,"column":37}}},"fnMap":{"0":{"name":"rxAjax","decl":{"start":{"line":6,"column":16},"end":{"line":6,"column":22}},"loc":{"start":{"line":6,"column":31},"end":{"line":37,"column":1}},"line":6}},"branchMap":{"0":{"loc":{"start":{"line":10,"column":4},"end":{"line":12,"column":5}},"type":"if","locations":[{"start":{"line":10,"column":4},"end":{"line":12,"column":5}},{"start":{"line":10,"column":4},"end":{"line":12,"column":5}}],"line":10},"1":{"loc":{"start":{"line":14,"column":4},"end":{"line":16,"column":5}},"type":"if","locations":[{"start":{"line":14,"column":4},"end":{"line":16,"column":5}},{"start":{"line":14,"column":4},"end":{"line":16,"column":5}}],"line":14},"2":{"loc":{"start":{"line":18,"column":4},"end":{"line":20,"column":5}},"type":"if","locations":[{"start":{"line":18,"column":4},"end":{"line":20,"column":5}},{"start":{"line":18,"column":4},"end":{"line":20,"column":5}}],"line":18},"3":{"loc":{"start":{"line":18,"column":8},"end":{"line":18,"column":82}},"type":"binary-expr","locations":[{"start":{"line":18,"column":8},"end":{"line":18,"column":23}},{"start":{"line":18,"column":28},"end":{"line":18,"column":51}},{"start":{"line":18,"column":55},"end":{"line":18,"column":81}}],"line":18},"4":{"loc":{"start":{"line":22,"column":4},"end":{"line":24,"column":5}},"type":"if","locations":[{"start":{"line":22,"column":4},"end":{"line":24,"column":5}},{"start":{"line":22,"column":4},"end":{"line":24,"column":5}}],"line":22},"5":{"loc":{"start":{"line":33,"column":4},"end":{"line":35,"column":5}},"type":"if","locations":[{"start":{"line":33,"column":4},"end":{"line":35,"column":5}},{"start":{"line":33,"column":4},"end":{"line":35,"column":5}}],"line":33}},"s":{"0":20,"1":20,"2":20,"3":1,"4":20,"5":1,"6":20,"7":1,"8":20,"9":2,"10":18,"11":18,"12":18,"13":18,"14":18,"15":3,"16":18},"f":{"0":20},"b":{"0":[1,19],"1":[1,19],"2":[1,19],"3":[20,17,2],"4":[2,18],"5":[3,15]},"_coverageSchema":"332fd63041d2c1bcb487cc26dd0d5f7d97098a6c","hash":"d01229f3e2b36d5bfcfff3595377a96afceae97e"}
,"/Users/dima/development/react-test/test/jestsetup.js": {"path":"/Users/dima/development/react-test/test/jestsetup.js","statementMap":{"0":{"start":{"line":4,"column":0},"end":{"line":4,"column":43}},"1":{"start":{"line":6,"column":0},"end":{"line":6,"column":25}},"2":{"start":{"line":7,"column":0},"end":{"line":7,"column":23}},"3":{"start":{"line":8,"column":0},"end":{"line":8,"column":21}},"4":{"start":{"line":10,"column":0},"end":{"line":12,"column":2}},"5":{"start":{"line":11,"column":4},"end":{"line":11,"column":29}}},"fnMap":{"0":{"name":"(anonymous_0)","decl":{"start":{"line":10,"column":16},"end":{"line":10,"column":17}},"loc":{"start":{"line":10,"column":27},"end":{"line":12,"column":1}},"line":10}},"branchMap":{},"s":{"0":17,"1":17,"2":17,"3":17,"4":17,"5":4},"f":{"0":4},"b":{},"_coverageSchema":"332fd63041d2c1bcb487cc26dd0d5f7d97098a6c","hash":"2185e4ef2c385eacf5156cff5676f07f686767d3"}
}
