TN:
SF:/Users/dima/development/react-test/src/app/actions/index.js
FNF:0
FNH:0
LF:0
LH:0
BRF:0
BRH:0
end_of_record
TN:
SF:/Users/dima/development/react-test/src/app/actions/salon-services/index.js
FN:3,salonServicesRequest
FNF:1
FNH:1
FNDA:6,salonServicesRequest
DA:4,6
LF:1
LH:1
BRF:0
BRH:0
end_of_record
TN:
SF:/Users/dima/development/react-test/src/app/actions/salons/index.js
FN:3,salonsRequest
FN:10,salonRequest
FNF:2
FNH:2
FNDA:5,salonsRequest
FNDA:6,salonRequest
DA:4,5
DA:11,6
LF:2
LH:2
BRF:0
BRH:0
end_of_record
TN:
SF:/Users/dima/development/react-test/src/app/components/infinite-scroll/index.jsx
FN:5,(anonymous_0)
FN:7,(anonymous_1)
FN:10,(anonymous_2)
FN:14,(anonymous_3)
FN:18,(anonymous_4)
FN:30,(anonymous_5)
FNF:6
FNH:3
FNDA:8,(anonymous_0)
FNDA:0,(anonymous_1)
FNDA:8,(anonymous_2)
FNDA:0,(anonymous_3)
FNDA:0,(anonymous_4)
FNDA:8,(anonymous_5)
DA:6,8
DA:7,8
DA:11,8
DA:15,0
DA:19,0
DA:20,0
DA:21,0
DA:22,0
DA:23,0
DA:25,0
DA:26,0
DA:31,8
DA:32,8
DA:40,3
LF:14
LH:6
BRDA:20,0,0,0
BRDA:20,0,1,0
BRDA:20,0,2,0
BRDA:21,1,0,0
BRDA:21,1,1,0
BRDA:21,1,2,0
BRDA:22,2,0,0
BRDA:22,2,1,0
BRDA:25,3,0,0
BRDA:25,3,1,0
BRF:10
BRH:0
end_of_record
TN:
SF:/Users/dima/development/react-test/src/app/components/profile-image/index.jsx
FN:6,(anonymous_0)
FNF:1
FNH:1
FNDA:9,(anonymous_0)
DA:7,9
DA:8,9
DA:14,3
LF:3
LH:3
BRF:0
BRH:0
end_of_record
TN:
SF:/Users/dima/development/react-test/src/app/components/slider/index.jsx
FN:4,(anonymous_0)
FNF:1
FNH:1
FNDA:5,(anonymous_0)
DA:4,3
DA:5,5
DA:16,5
LF:3
LH:3
BRF:0
BRH:0
end_of_record
TN:
SF:/Users/dima/development/react-test/src/app/components/spinner/index.jsx
FN:4,(anonymous_0)
FNF:1
FNH:1
FNDA:3,(anonymous_0)
DA:4,4
DA:5,3
LF:2
LH:2
BRF:0
BRH:0
end_of_record
TN:
SF:/Users/dima/development/react-test/src/app/components/table/Table.jsx
FN:4,(anonymous_0)
FN:8,(anonymous_1)
FNF:2
FNH:2
FNDA:15,(anonymous_0)
FNDA:42,(anonymous_1)
DA:4,5
DA:5,15
DA:9,42
LF:3
LH:3
BRDA:8,0,0,15
BRDA:8,0,1,10
BRF:2
BRH:2
end_of_record
TN:
SF:/Users/dima/development/react-test/src/app/components/table/index.js
FNF:0
FNH:0
LF:0
LH:0
BRF:0
BRH:0
end_of_record
TN:
SF:/Users/dima/development/react-test/src/app/components/table/table-column/index.jsx
FN:4,(anonymous_0)
FNF:1
FNH:1
FNDA:72,(anonymous_0)
DA:4,5
DA:5,72
LF:2
LH:2
BRF:0
BRH:0
end_of_record
TN:
SF:/Users/dima/development/react-test/src/app/components/table/table-row/index.jsx
FN:4,(anonymous_0)
FNF:1
FNH:1
FNDA:18,(anonymous_0)
DA:4,5
DA:5,18
LF:2
LH:2
BRF:0
BRH:0
end_of_record
TN:
SF:/Users/dima/development/react-test/src/app/constants/salon-services.js
FNF:0
FNH:0
DA:3,6
LF:1
LH:1
BRF:0
BRH:0
end_of_record
TN:
SF:/Users/dima/development/react-test/src/app/constants/salons.js
FNF:0
FNH:0
DA:3,6
LF:1
LH:1
BRF:0
BRH:0
end_of_record
TN:
SF:/Users/dima/development/react-test/src/app/containers/app/index.js
FN:14,(anonymous_0)
FNF:1
FNH:1
FNDA:1,(anonymous_0)
DA:15,1
LF:1
LH:1
BRF:0
BRH:0
end_of_record
TN:
SF:/Users/dima/development/react-test/src/app/containers/not-found-page/index.jsx
FN:3,(anonymous_0)
FNF:1
FNH:1
FNDA:1,(anonymous_0)
DA:4,1
LF:1
LH:1
BRF:0
BRH:0
end_of_record
TN:
SF:/Users/dima/development/react-test/src/app/containers/salon-details/index.jsx
FN:11,(anonymous_0)
FN:21,(anonymous_1)
FN:33,(anonymous_2)
FN:50,(anonymous_3)
FN:65,(anonymous_4)
FN:71,(anonymous_5)
FN:72,(anonymous_6)
FN:73,(anonymous_7)
FNF:8
FNH:8
FNDA:4,(anonymous_0)
FNDA:4,(anonymous_1)
FNDA:3,(anonymous_2)
FNDA:6,(anonymous_3)
FNDA:5,(anonymous_4)
FNDA:5,(anonymous_5)
FNDA:3,(anonymous_6)
FNDA:3,(anonymous_7)
DA:12,4
DA:13,4
DA:14,3
DA:16,4
DA:17,3
DA:22,4
DA:23,4
DA:24,1
DA:28,3
DA:34,3
DA:51,6
DA:65,5
DA:71,5
DA:72,3
DA:73,3
LF:15
LH:15
BRDA:13,0,0,3
BRDA:13,0,1,1
BRDA:16,1,0,3
BRDA:16,1,1,1
BRDA:23,2,0,1
BRDA:23,2,1,3
BRDA:23,3,0,4
BRDA:23,3,1,4
BRDA:33,4,0,3
BRDA:33,4,1,3
BRDA:50,5,0,3
BRDA:50,5,1,3
BRF:12
BRH:12
end_of_record
TN:
SF:/Users/dima/development/react-test/src/app/containers/salon-details/shedule-of-week/index.jsx
FN:8,(anonymous_0)
FN:14,(anonymous_1)
FNF:2
FNH:2
FNDA:4,(anonymous_0)
FNDA:28,(anonymous_1)
DA:9,4
DA:10,4
DA:15,28
DA:16,28
DA:17,16
DA:21,12
DA:31,3
LF:7
LH:7
BRDA:16,0,0,16
BRDA:16,0,1,12
BRF:2
BRH:2
end_of_record
TN:
SF:/Users/dima/development/react-test/src/app/containers/salon-details/shedule-of-week/week.js
FNF:0
FNH:0
LF:0
LH:0
BRF:0
BRH:0
end_of_record
TN:
SF:/Users/dima/development/react-test/src/app/containers/salons/index.jsx
FN:12,(anonymous_0)
FN:17,(anonymous_1)
FN:24,(anonymous_2)
FN:32,(anonymous_3)
FN:36,(anonymous_4)
FN:38,(anonymous_5)
FN:57,(anonymous_6)
FN:63,(anonymous_7)
FN:64,(anonymous_8)
FNF:9
FNH:8
FNDA:7,(anonymous_0)
FNDA:7,(anonymous_1)
FNDA:3,(anonymous_2)
FNDA:7,(anonymous_3)
FNDA:0,(anonymous_4)
FNDA:8,(anonymous_5)
FNDA:8,(anonymous_6)
FNDA:8,(anonymous_7)
FNDA:2,(anonymous_8)
DA:13,7
DA:14,7
DA:18,7
DA:19,7
DA:20,3
DA:25,3
DA:26,3
DA:27,3
DA:28,2
DA:33,7
DA:34,7
DA:36,0
DA:39,8
DA:57,8
DA:63,8
DA:64,2
LF:16
LH:15
BRDA:19,0,0,3
BRDA:19,0,1,4
BRDA:26,1,0,0
BRDA:26,1,1,3
BRDA:27,2,0,2
BRDA:27,2,1,1
BRDA:27,3,0,3
BRDA:27,3,1,0
BRDA:27,3,2,3
BRDA:38,4,0,7
BRDA:38,4,1,4
BRDA:38,4,2,4
BRDA:41,5,0,8
BRDA:41,5,1,0
BRDA:43,6,0,8
BRDA:43,6,1,8
BRDA:51,7,0,7
BRDA:51,7,1,2
BRF:18
BRH:15
end_of_record
TN:
SF:/Users/dima/development/react-test/src/app/epics/salon-services/index.js
FN:6,salonServicesRequest
FN:8,(anonymous_1)
FNF:2
FNH:2
FNDA:3,salonServicesRequest
FNDA:3,(anonymous_1)
DA:7,3
DA:9,3
LF:2
LH:2
BRF:0
BRH:0
end_of_record
TN:
SF:/Users/dima/development/react-test/src/app/epics/salons/index.js
FN:7,salonsRequest
FN:10,(anonymous_1)
FN:30,salonRequest
FN:33,(anonymous_3)
FNF:4
FNH:4
FNDA:10,salonsRequest
FNDA:3,(anonymous_1)
FNDA:10,salonRequest
FNDA:7,(anonymous_3)
DA:8,10
DA:11,3
DA:31,10
DA:34,7
LF:4
LH:4
BRF:0
BRH:0
end_of_record
TN:
SF:/Users/dima/development/react-test/src/app/reducers/salon-services/index.js
FN:7,(anonymous_0)
FNF:1
FNH:1
FNDA:4,(anonymous_0)
DA:3,1
DA:7,1
DA:8,4
DA:10,1
DA:15,1
DA:21,1
DA:27,1
LF:7
LH:7
BRDA:7,0,0,4
BRDA:8,1,0,1
BRDA:8,1,1,1
BRDA:8,1,2,1
BRDA:8,1,3,1
BRF:5
BRH:5
end_of_record
TN:
SF:/Users/dima/development/react-test/src/app/reducers/salon-services/mocks.js
FNF:0
FNH:0
DA:1,1
LF:1
LH:1
BRF:0
BRH:0
end_of_record
TN:
SF:/Users/dima/development/react-test/src/app/reducers/salons/index.js
FN:13,(anonymous_0)
FNF:1
FNH:1
FNDA:7,(anonymous_0)
DA:3,1
DA:13,1
DA:14,7
DA:16,1
DA:25,1
DA:35,1
DA:44,1
DA:51,1
DA:59,1
DA:67,1
LF:10
LH:10
BRDA:13,0,0,7
BRDA:14,1,0,1
BRDA:14,1,1,1
BRDA:14,1,2,1
BRDA:14,1,3,1
BRDA:14,1,4,1
BRDA:14,1,5,1
BRDA:14,1,6,1
BRF:8
BRH:8
end_of_record
TN:
SF:/Users/dima/development/react-test/src/app/reducers/salons/mock.js
FNF:0
FNH:0
DA:1,1
LF:1
LH:1
BRF:0
BRH:0
end_of_record
TN:
SF:/Users/dima/development/react-test/src/app/utils/index.js
FN:6,rxAjax
FNF:1
FNH:1
FNDA:20,rxAjax
DA:7,20
DA:8,20
DA:10,20
DA:11,1
DA:14,20
DA:15,1
DA:18,20
DA:19,1
DA:22,20
DA:23,2
DA:26,18
DA:27,18
DA:28,18
DA:29,18
DA:33,18
DA:34,3
DA:36,18
LF:17
LH:17
BRDA:10,0,0,1
BRDA:10,0,1,19
BRDA:14,1,0,1
BRDA:14,1,1,19
BRDA:18,2,0,1
BRDA:18,2,1,19
BRDA:18,3,0,20
BRDA:18,3,1,17
BRDA:18,3,2,2
BRDA:22,4,0,2
BRDA:22,4,1,18
BRDA:33,5,0,3
BRDA:33,5,1,15
BRF:13
BRH:13
end_of_record
TN:
SF:/Users/dima/development/react-test/test/jestsetup.js
FN:10,(anonymous_0)
FNF:1
FNH:1
FNDA:4,(anonymous_0)
DA:4,17
DA:6,17
DA:7,17
DA:8,17
DA:10,17
DA:11,4
LF:6
LH:6
BRF:0
BRH:0
end_of_record
